<?xml version="1.0" encoding="UTF-8"?>
<!-- Generated by org.testng.reporters.JUnitReportReporter -->
<testsuite hostname="CIT-LP92" failures="0" tests="1" name="Utils.BasicFunctions" time="39.541" errors="0" timestamp="2021-08-08T21:39:18 IST" skipped="0">
  <testcase classname="Utils.BasicFunctions" name="screeShot" time="39.541"/>
  <system-out/>
</testsuite> <!-- Utils.BasicFunctions -->
