<?xml version="1.0" encoding="UTF-8"?>
<!-- Generated by org.testng.reporters.JUnitReportReporter -->
<testsuite hostname="CIT-LP92" failures="0" tests="1" name="TestCases.LoginPage" time="0.006" errors="0" timestamp="2021-08-18T14:42:31 IST" skipped="0">
  <testcase classname="TestCases.LoginPage" name="login" time="0.006"/>
  <system-out/>
</testsuite> <!-- TestCases.LoginPage -->
