<?xml version="1.0" encoding="UTF-8"?>
<!-- Generated by org.testng.reporters.JUnitReportReporter -->
<testsuite hostname="CIT-LP92" failures="0" tests="1" name="Utils.BasicFunctions" time="40.658" errors="0" timestamp="2021-08-21T13:45:38 IST" skipped="0">
  <testcase classname="Utils.BasicFunctions" name="screeShot" time="40.658"/>
  <system-out/>
</testsuite> <!-- Utils.BasicFunctions -->
